<?xml version="1.0" encoding="UTF-8"?>
<!-- Generated by org.testng.reporters.JUnitXMLReporter -->
<testsuite ignored="3" hostname="PCM-86VN2T3" failures="0" tests="0" name="Demo" time="3.2" errors="0" timestamp="2024-03-01T14:49:52 EST">
  <testcase classname="wtw.SeleniumDriver" name="TestMethod1" time="0.0">
    <ignored/>
  </testcase> <!-- TestMethod1 -->
  <testcase classname="wtw.SeleniumDriver" name="TestMethod2" time="0.0">
    <ignored/>
  </testcase> <!-- TestMethod2 -->
  <testcase classname="wtw.SeleniumDriver" name="TestMethod3" time="0.0">
    <ignored/>
  </testcase> <!-- TestMethod3 -->
</testsuite> <!-- Demo -->
