<?xml version="1.0" encoding="UTF-8"?>
<!-- Generated by org.testng.reporters.JUnitXMLReporter -->
<testsuite ignored="3" hostname="PCM-86VN2T3" failures="0" tests="1" name="Test" time="0.027" errors="0" timestamp="2024-02-22T14:12:25 EST">
  <testcase classname="wtw.TestNG2" name="Function1" time="0.004"/>
  <testcase classname="wtw.SeleniumDriver" name="TestMethod3" time="0.0">
    <ignored/>
  </testcase> <!-- TestMethod3 -->
  <testcase classname="wtw.SeleniumDriver" name="TestMethod2" time="0.0">
    <ignored/>
  </testcase> <!-- TestMethod2 -->
  <testcase classname="wtw.SeleniumDriver" name="TestMethod1" time="0.0">
    <ignored/>
  </testcase> <!-- TestMethod1 -->
</testsuite> <!-- Test -->
