<?xml version="1.0" encoding="UTF-8"?>
<testng-results ignored="3" total="4" passed="0" failed="1" skipped="0">
  <reporter-output>
  </reporter-output>
  <suite started-at="2024-03-01T14:41:05 EST" name="Regression" finished-at="2024-03-01T14:41:10 EST" duration-ms="4477">
    <groups>
    </groups>
    <test started-at="2024-03-01T14:41:05 EST" name="Demo" finished-at="2024-03-01T14:41:10 EST" duration-ms="4477">
      <class name="wtw.SeleniumDriver">
        <test-method is-config="true" signature="TestMethod4()[pri:0, instance:wtw.SeleniumDriver@9816741]" started-at="2024-03-01T14:41:05 EST" name="TestMethod4" finished-at="2024-03-01T14:41:05 EST" duration-ms="18" status="PASS">
          <reporter-output>
          </reporter-output>
        </test-method> <!-- TestMethod4 -->
        <test-method is-config="true" signature="ExtentConfig()[pri:0, instance:wtw.SeleniumDriver@9816741]" started-at="2024-03-01T14:41:05 EST" name="ExtentConfig" finished-at="2024-03-01T14:41:05 EST" duration-ms="1" status="PASS">
          <reporter-output>
          </reporter-output>
        </test-method> <!-- ExtentConfig -->
        <test-method signature="ESS_UpdateName()[pri:0, instance:wtw.SeleniumDriver@9816741]" started-at="2024-03-01T14:41:05 EST" name="ESS_UpdateName" finished-at="2024-03-01T14:41:10 EST" duration-ms="4444" status="FAIL">
          <exception class="java.lang.NullPointerException">
            <message>
              <![CDATA[Cannot invoke "com.aventstack.extentreports.ExtentTest.log(com.aventstack.extentreports.Status, String)" because "this.test" is null]]>
            </message>
            <full-stacktrace>
              <![CDATA[java.lang.NullPointerException: Cannot invoke "com.aventstack.extentreports.ExtentTest.log(com.aventstack.extentreports.Status, String)" because "this.test" is null
at wtw.NewListeners.onTestSuccess(NewListeners.java:35)
at org.testng.internal.TestListenerHelper.runTestListeners(TestListenerHelper.java:103)
at org.testng.internal.invokers.TestInvoker.runTestResultListener(TestInvoker.java:277)
at org.testng.internal.invokers.TestInvoker.invokeMethod(TestInvoker.java:764)
at org.testng.internal.invokers.TestInvoker.invokeTestMethod(TestInvoker.java:221)
at org.testng.internal.invokers.MethodRunner.runInSequence(MethodRunner.java:50)
at org.testng.internal.invokers.TestInvoker$MethodInvocationAgent.invoke(TestInvoker.java:969)
at org.testng.internal.invokers.TestInvoker.invokeTestMethods(TestInvoker.java:194)
at org.testng.internal.invokers.TestMethodWorker.invokeTestMethods(TestMethodWorker.java:148)
at org.testng.internal.invokers.TestMethodWorker.run(TestMethodWorker.java:128)
at java.base/java.util.ArrayList.forEach(ArrayList.java:1511)
at org.testng.TestRunner.privateRun(TestRunner.java:829)
at org.testng.TestRunner.run(TestRunner.java:602)
at org.testng.SuiteRunner.runTest(SuiteRunner.java:437)
at org.testng.SuiteRunner.runSequentially(SuiteRunner.java:431)
at org.testng.SuiteRunner.privateRun(SuiteRunner.java:391)
at org.testng.SuiteRunner.run(SuiteRunner.java:330)
at org.testng.SuiteRunnerWorker.runSuite(SuiteRunnerWorker.java:52)
at org.testng.SuiteRunnerWorker.run(SuiteRunnerWorker.java:95)
at org.testng.TestNG.runSuitesSequentially(TestNG.java:1256)
at org.testng.TestNG.runSuitesLocally(TestNG.java:1176)
at org.testng.TestNG.runSuites(TestNG.java:1099)
at org.testng.TestNG.run(TestNG.java:1067)
at org.testng.remote.AbstractRemoteTestNG.run(AbstractRemoteTestNG.java:115)
at org.testng.remote.RemoteTestNG.initAndRun(RemoteTestNG.java:251)
at org.testng.remote.RemoteTestNG.main(RemoteTestNG.java:77)
]]>
            </full-stacktrace>
          </exception> <!-- java.lang.NullPointerException -->
          <reporter-output>
          </reporter-output>
        </test-method> <!-- ESS_UpdateName -->
        <test-method is-config="true" signature="AfterTest()[pri:0, instance:wtw.SeleniumDriver@9816741]" started-at="2024-03-01T14:41:10 EST" name="AfterTest" finished-at="2024-03-01T14:41:10 EST" duration-ms="1" status="PASS">
          <reporter-output>
          </reporter-output>
        </test-method> <!-- AfterTest -->
        <test-method is-config="true" signature="TestMethod5()[pri:0, instance:wtw.SeleniumDriver@9816741]" started-at="2024-03-01T14:41:10 EST" name="TestMethod5" finished-at="2024-03-01T14:41:10 EST" duration-ms="1" status="PASS">
          <reporter-output>
          </reporter-output>
        </test-method> <!-- TestMethod5 -->
      </class> <!-- wtw.SeleniumDriver -->
    </test> <!-- Demo -->
  </suite> <!-- Regression -->
</testng-results>
